{
  "stats": {
    "suites": 1,
    "tests": 1,
    "passes": 0,
    "pending": 0,
    "failures": 1,
    "start": "2025-01-08T01:56:16.826Z",
    "end": "2025-01-08T01:56:50.467Z",
    "duration": 33641,
    "testsRegistered": 1,
    "passPercent": 0,
    "pendingPercent": 0,
    "other": 0,
    "hasOther": false,
    "skipped": 0,
    "hasSkipped": false
  },
  "results": [
    {
      "uuid": "f2c1109f-131e-413e-a3ec-df705ac9cb4e",
      "title": "",
      "fullFile": "cypress\\e2e\\originations react.cy.js",
      "file": "cypress\\e2e\\originations react.cy.js",
      "beforeHooks": [],
      "afterHooks": [],
      "tests": [],
      "suites": [
        {
          "uuid": "2111e642-6f6e-47f9-b9c8-eb990daba10d",
          "title": "To create a new proposal and verify its existance on proposal list",
          "fullFile": "",
          "file": "",
          "beforeHooks": [],
          "afterHooks": [],
          "tests": [
            {
              "title": "should create a new proposal and validate it existance",
              "fullTitle": "To create a new proposal and verify its existance on proposal list should create a new proposal and validate it existance",
              "timedOut": null,
              "duration": 30240,
              "state": "failed",
              "speed": null,
              "pass": false,
              "fail": true,
              "pending": false,
              "context": "{\n  \"title\": \"cypress-mochawesome-reporter-screenshots\",\n  \"value\": [\n    [\n      \"\\\\originations react.cy.js\\\\To create a new proposal and verify its existance on proposal list -- should create a new proposal and validate it existance (failed).png\"\n    ]\n  ]\n}",
              "code": "const firstName = faker.name.firstName();\nconst lastName = faker.name.lastName();\nlet nifAleatorio = gerarNIFValido();\ncy.log('NIF Gerado: ' + nifAleatorio);\ncy.visit('https://acs-dev.outsystemscloud.com/Originations_R/Login');\ncy.get('#Input_UsernameVal').should('be.visible');\ncy.get('#Input_UsernameVal').type('warruda@PT');\ncy.get('#Input_PasswordVal').type('Ablewise.2024!');\ncy.get('#b6-Button').click();\ncy.get('.menu-icon').should('be.visible');\ncy.get('.menu-icon').click();\ncy.get('.margin-top-m:nth-child(2)').click();\ncy.get('#b3-b14-ProductGroupDropdown').should('be.visible');\ncy.get('#b3-b14-ProductGroupDropdown').select('2');\n//0\tCartão, 1\tCrédito, 2\tCrédito Clássico, 3\tCartão, 4\tCCL, 5\tMultiproduto, 6\tPPR\ncy.get('#b3-b14-StartNewProposalBtn').click();\ncy.url().should('contains', 'https://acs-dev.outsystemscloud.com/Originations_R/Proposal');\ncy.get('.margin-right-s').click();\ncy.get('[data-input]').should('be.visible');\ncy.get('[data-input]').type(nifAleatorio);\ncy.contains('button', 'Add').click();\ncy.wait(7000);\ncy.get('input[data-input][id*=\"Input_Name\"]').eq(0).type(firstName); // Digita no campo\ncy.get('input[data-input][id*=\"Input_LastName\"]').eq(0).type(lastName);\ncy.get('select[id*=\"Dropdown1\"]').eq(0).select('4');\n//0\tDOUTOR, 1\tDOUTORA, 2\tPROFESSOR, 3 PROFESSORA, 4\tSENHOR, 5\tSENHORA\ncy.get('select[id*=\"Dropdown2\"]').eq(0).select('1');\n//0 Female, 1 Male\ncy.get('input[data-input][type=\"date\"]').eq(0).type('1996-05-20');\ncy.get('input[data-input][id*=\"Input_Email\"]').eq(0).type('test@example.com');\ncy.get('input[data-input][id*=\"Input_Telemovel\"]').eq(0).type('910650450');\ncy.get('input[data-input][id*=\"Input_Id_TelefoneCasa\"]').eq(0).type('210362145');\ncy.get('input[data-input][id*=\"Input_TelefoneEmprego\"]').eq(0).type('210147852');\ncy.get('input[data-input][id*=\"Input_PostCode\"]').eq(0).type('1250');\ncy.get('input[data-input][id*=\"Input_SubPostCode\"]').eq(0).type('271');\ncy.contains('span', 'Finalizar').click();\ncy.wait(2000);\ncy.get('.menu-icon').click();\ncy.xpath('//span[@class=\"heading6 expanded-text\"][contains(text(),\"List of Proposals\")]').click();\ncy.wait(5000);\ncy.get('#SearchTermInput').type(nifAleatorio);\ncy.get('#b7-Icon').click();\ncy.wait(2000);",
              "err": {
                "message": "AssertionError: Timed out retrying after 15000ms: Expected to find element: `#b3-b14-ProductGroupDropdown`, but never found it.",
                "estack": "AssertionError: Timed out retrying after 15000ms: Expected to find element: `#b3-b14-ProductGroupDropdown`, but never found it.\n    at Context.eval (webpack://cypress/./cypress/e2e/originations react.cy.js:37:39)",
                "diff": null
              },
              "uuid": "b1ba982e-0451-4be3-b149-83a4175c1e8a",
              "parentUUID": "2111e642-6f6e-47f9-b9c8-eb990daba10d",
              "isHook": false,
              "skipped": false
            }
          ],
          "suites": [],
          "passes": [],
          "failures": [
            "b1ba982e-0451-4be3-b149-83a4175c1e8a"
          ],
          "pending": [],
          "skipped": [],
          "duration": 30240,
          "root": false,
          "rootEmpty": false,
          "_timeout": 2000
        }
      ],
      "passes": [],
      "failures": [],
      "pending": [],
      "skipped": [],
      "duration": 0,
      "root": true,
      "rootEmpty": true,
      "_timeout": 2000
    }
  ],
  "meta": {
    "mocha": {
      "version": "7.0.1"
    },
    "mochawesome": {
      "options": {
        "quiet": false,
        "reportFilename": "mochawesome",
        "saveHtml": true,
        "saveJson": true,
        "consoleReporter": "spec",
        "useInlineDiffs": false,
        "code": true
      },
      "version": "7.1.3"
    },
    "marge": {
      "options": {
        "reporterEnabled": "cypress-mochawesome-reporter, mocha-junit-reporter",
        "mochaJunitReporterOptions": {
          "mochaFile": "cypress/reports/junit/results-[hash].xml"
        },
        "cypressMochawesomeReporterOptions": {
          "charts": true,
          "reportPageTitle": "Relatório de testes",
          "embeddedScreenshots": true,
          "inlineAssets": true,
          "saveAllAttempts": false
        }
      },
      "version": "6.2.0"
    }
  }
}